[0.220s] [34mcolcon[0m [1;30mDEBUG[0m [32mCommand line arguments: ['/opt/homebrew/Caskroom/miniconda/base/envs/ros2/bin/colcon', 'build', '--packages-select', 'my_bridge'][0m
[0.220s] [34mcolcon[0m [1;30mDEBUG[0m [32mParsed command line arguments: Namespace(log_base=None, log_level=None, verb_name='build', build_base='build', install_base='install', merge_install=False, symlink_install=False, test_result_base=None, continue_on_error=False, executor='parallel', parallel_workers=8, event_handlers=None, ignore_user_meta=False, metas=['./colcon.meta'], base_paths=['.'], packages_ignore=None, packages_ignore_regex=None, paths=None, packages_up_to=None, packages_up_to_regex=None, packages_above=None, packages_above_and_dependencies=None, packages_above_depth=None, packages_select_by_dep=None, packages_skip_by_dep=None, packages_skip_up_to=None, packages_select_build_failed=False, packages_skip_build_finished=False, packages_select_test_failures=False, packages_skip_test_passed=False, packages_select=['my_bridge'], packages_skip=None, packages_select_regex=None, packages_skip_regex=None, packages_start=None, packages_end=None, cmake_args=None, cmake_target=None, cmake_target_skip_unavailable=False, cmake_clean_cache=False, cmake_clean_first=False, cmake_force_configure=False, ament_cmake_args=None, catkin_cmake_args=None, catkin_skip_building_tests=False, verb_parser=<colcon_defaults.argument_parser.defaults.DefaultArgumentsDecorator object at 0x103ba72d0>, verb_extension=<colcon_core.verb.build.BuildVerb object at 0x103ba6c50>, main=<bound method BuildVerb.main of <colcon_core.verb.build.BuildVerb object at 0x103ba6c50>>)[0m
[0.275s] [34mcolcon.colcon_core.package_discovery[0m [1;30mLevel 1[0m discover_packages(colcon_meta) check parameters
[0.275s] [34mcolcon.colcon_core.package_discovery[0m [1;30mLevel 1[0m discover_packages(recursive) check parameters
[0.275s] [34mcolcon.colcon_core.package_discovery[0m [1;30mLevel 1[0m discover_packages(ignore) check parameters
[0.275s] [34mcolcon.colcon_core.package_discovery[0m [1;30mLevel 1[0m discover_packages(path) check parameters
[0.275s] [34mcolcon.colcon_core.package_discovery[0m [1;30mLevel 1[0m discover_packages(colcon_meta) discover
[0.276s] [34mcolcon.colcon_core.package_discovery[0m [1;30mLevel 1[0m discover_packages(recursive) discover
[0.276s] [34mcolcon.colcon_core.package_discovery[0m [1;30mINFO[0m Crawling recursively for packages in '/Users/parushi/Documents/Nimbis/ros2_ws'
[0.276s] [34mcolcon.colcon_core.package_identification[0m [1;30mLevel 1[0m _identify(.) by extensions ['ignore', 'ignore_ament_install']
[0.276s] [34mcolcon.colcon_core.package_identification[0m [1;30mLevel 1[0m _identify(.) by extension 'ignore'
[0.276s] [34mcolcon.colcon_core.package_identification[0m [1;30mLevel 1[0m _identify(.) by extension 'ignore_ament_install'
[0.276s] [34mcolcon.colcon_core.package_identification[0m [1;30mLevel 1[0m _identify(.) by extensions ['colcon_pkg']
[0.276s] [34mcolcon.colcon_core.package_identification[0m [1;30mLevel 1[0m _identify(.) by extension 'colcon_pkg'
[0.276s] [34mcolcon.colcon_core.package_identification[0m [1;30mLevel 1[0m _identify(.) by extensions ['colcon_meta']
[0.276s] [34mcolcon.colcon_core.package_identification[0m [1;30mLevel 1[0m _identify(.) by extension 'colcon_meta'
[0.276s] [34mcolcon.colcon_core.package_identification[0m [1;30mLevel 1[0m _identify(.) by extensions ['ros']
[0.276s] [34mcolcon.colcon_core.package_identification[0m [1;30mLevel 1[0m _identify(.) by extension 'ros'
[0.300s] [34mcolcon.colcon_core.package_identification[0m [1;30mLevel 1[0m _identify(.) by extensions ['cmake', 'python']
[0.300s] [34mcolcon.colcon_core.package_identification[0m [1;30mLevel 1[0m _identify(.) by extension 'cmake'
[0.300s] [34mcolcon.colcon_core.package_identification[0m [1;30mLevel 1[0m _identify(.) by extension 'python'
[0.300s] [34mcolcon.colcon_core.package_identification[0m [1;30mLevel 1[0m _identify(.) by extensions ['python_setup_py']
[0.300s] [34mcolcon.colcon_core.package_identification[0m [1;30mLevel 1[0m _identify(.) by extension 'python_setup_py'
[0.300s] [34mcolcon.colcon_core.package_identification[0m [1;30mLevel 1[0m _identify(build) by extensions ['ignore', 'ignore_ament_install']
[0.300s] [34mcolcon.colcon_core.package_identification[0m [1;30mLevel 1[0m _identify(build) by extension 'ignore'
[0.300s] [34mcolcon.colcon_core.package_identification[0m [1;30mLevel 1[0m _identify(build) ignored
[0.301s] [34mcolcon.colcon_core.package_identification[0m [1;30mLevel 1[0m _identify(install) by extensions ['ignore', 'ignore_ament_install']
[0.301s] [34mcolcon.colcon_core.package_identification[0m [1;30mLevel 1[0m _identify(install) by extension 'ignore'
[0.301s] [34mcolcon.colcon_core.package_identification[0m [1;30mLevel 1[0m _identify(install) ignored
[0.301s] [34mcolcon.colcon_core.package_identification[0m [1;30mLevel 1[0m _identify(log) by extensions ['ignore', 'ignore_ament_install']
[0.301s] [34mcolcon.colcon_core.package_identification[0m [1;30mLevel 1[0m _identify(log) by extension 'ignore'
[0.301s] [34mcolcon.colcon_core.package_identification[0m [1;30mLevel 1[0m _identify(log) ignored
[0.301s] [34mcolcon.colcon_core.package_identification[0m [1;30mLevel 1[0m _identify(src) by extensions ['ignore', 'ignore_ament_install']
[0.301s] [34mcolcon.colcon_core.package_identification[0m [1;30mLevel 1[0m _identify(src) by extension 'ignore'
[0.301s] [34mcolcon.colcon_core.package_identification[0m [1;30mLevel 1[0m _identify(src) by extension 'ignore_ament_install'
[0.301s] [34mcolcon.colcon_core.package_identification[0m [1;30mLevel 1[0m _identify(src) by extensions ['colcon_pkg']
[0.301s] [34mcolcon.colcon_core.package_identification[0m [1;30mLevel 1[0m _identify(src) by extension 'colcon_pkg'
[0.301s] [34mcolcon.colcon_core.package_identification[0m [1;30mLevel 1[0m _identify(src) by extensions ['colcon_meta']
[0.301s] [34mcolcon.colcon_core.package_identification[0m [1;30mLevel 1[0m _identify(src) by extension 'colcon_meta'
[0.301s] [34mcolcon.colcon_core.package_identification[0m [1;30mLevel 1[0m _identify(src) by extensions ['ros']
[0.301s] [34mcolcon.colcon_core.package_identification[0m [1;30mLevel 1[0m _identify(src) by extension 'ros'
[0.301s] [34mcolcon.colcon_core.package_identification[0m [1;30mLevel 1[0m _identify(src) by extensions ['cmake', 'python']
[0.301s] [34mcolcon.colcon_core.package_identification[0m [1;30mLevel 1[0m _identify(src) by extension 'cmake'
[0.301s] [34mcolcon.colcon_core.package_identification[0m [1;30mLevel 1[0m _identify(src) by extension 'python'
[0.301s] [34mcolcon.colcon_core.package_identification[0m [1;30mLevel 1[0m _identify(src) by extensions ['python_setup_py']
[0.301s] [34mcolcon.colcon_core.package_identification[0m [1;30mLevel 1[0m _identify(src) by extension 'python_setup_py'
[0.301s] [34mcolcon.colcon_core.package_identification[0m [1;30mLevel 1[0m _identify(src/my_bridge) by extensions ['ignore', 'ignore_ament_install']
[0.301s] [34mcolcon.colcon_core.package_identification[0m [1;30mLevel 1[0m _identify(src/my_bridge) by extension 'ignore'
[0.301s] [34mcolcon.colcon_core.package_identification[0m [1;30mLevel 1[0m _identify(src/my_bridge) by extension 'ignore_ament_install'
[0.301s] [34mcolcon.colcon_core.package_identification[0m [1;30mLevel 1[0m _identify(src/my_bridge) by extensions ['colcon_pkg']
[0.301s] [34mcolcon.colcon_core.package_identification[0m [1;30mLevel 1[0m _identify(src/my_bridge) by extension 'colcon_pkg'
[0.301s] [34mcolcon.colcon_core.package_identification[0m [1;30mLevel 1[0m _identify(src/my_bridge) by extensions ['colcon_meta']
[0.301s] [34mcolcon.colcon_core.package_identification[0m [1;30mLevel 1[0m _identify(src/my_bridge) by extension 'colcon_meta'
[0.301s] [34mcolcon.colcon_core.package_identification[0m [1;30mLevel 1[0m _identify(src/my_bridge) by extensions ['ros']
[0.301s] [34mcolcon.colcon_core.package_identification[0m [1;30mLevel 1[0m _identify(src/my_bridge) by extension 'ros'
[0.304s] [34mcolcon.colcon_core.package_identification[0m [1;30mDEBUG[0m [32mPackage 'src/my_bridge' with type 'ros.ament_cmake' and name 'my_bridge'[0m
[0.304s] [34mcolcon.colcon_core.package_discovery[0m [1;30mLevel 1[0m discover_packages(recursive) using defaults
[0.304s] [34mcolcon.colcon_core.package_discovery[0m [1;30mLevel 1[0m discover_packages(ignore) discover
[0.304s] [34mcolcon.colcon_core.package_discovery[0m [1;30mLevel 1[0m discover_packages(ignore) using defaults
[0.304s] [34mcolcon.colcon_core.package_discovery[0m [1;30mLevel 1[0m discover_packages(path) discover
[0.304s] [34mcolcon.colcon_core.package_discovery[0m [1;30mLevel 1[0m discover_packages(path) using defaults
[0.319s] [34mcolcon.colcon_core.verb[0m [1;30mLevel 5[0m set package 'my_bridge' build argument 'cmake_args' from command line to 'None'
[0.319s] [34mcolcon.colcon_core.verb[0m [1;30mLevel 5[0m set package 'my_bridge' build argument 'cmake_target' from command line to 'None'
[0.319s] [34mcolcon.colcon_core.verb[0m [1;30mLevel 5[0m set package 'my_bridge' build argument 'cmake_target_skip_unavailable' from command line to 'False'
[0.319s] [34mcolcon.colcon_core.verb[0m [1;30mLevel 5[0m set package 'my_bridge' build argument 'cmake_clean_cache' from command line to 'False'
[0.319s] [34mcolcon.colcon_core.verb[0m [1;30mLevel 5[0m set package 'my_bridge' build argument 'cmake_clean_first' from command line to 'False'
[0.319s] [34mcolcon.colcon_core.verb[0m [1;30mLevel 5[0m set package 'my_bridge' build argument 'cmake_force_configure' from command line to 'False'
[0.320s] [34mcolcon.colcon_core.verb[0m [1;30mLevel 5[0m set package 'my_bridge' build argument 'ament_cmake_args' from command line to 'None'
[0.320s] [34mcolcon.colcon_core.verb[0m [1;30mLevel 5[0m set package 'my_bridge' build argument 'catkin_cmake_args' from command line to 'None'
[0.320s] [34mcolcon.colcon_core.verb[0m [1;30mLevel 5[0m set package 'my_bridge' build argument 'catkin_skip_building_tests' from command line to 'False'
[0.320s] [34mcolcon.colcon_core.verb[0m [1;30mDEBUG[0m [32mBuilding package 'my_bridge' with the following arguments: {'ament_cmake_args': None, 'build_base': '/Users/parushi/Documents/Nimbis/ros2_ws/build/my_bridge', 'catkin_cmake_args': None, 'catkin_skip_building_tests': False, 'cmake_args': None, 'cmake_clean_cache': False, 'cmake_clean_first': False, 'cmake_force_configure': False, 'cmake_target': None, 'cmake_target_skip_unavailable': False, 'install_base': '/Users/parushi/Documents/Nimbis/ros2_ws/install/my_bridge', 'merge_install': False, 'path': '/Users/parushi/Documents/Nimbis/ros2_ws/src/my_bridge', 'symlink_install': False, 'test_result_base': None}[0m
[0.320s] [34mcolcon.colcon_core.executor[0m [1;30mINFO[0m Executing jobs using 'parallel' executor
[0.320s] [34mcolcon.colcon_parallel_executor.executor.parallel[0m [1;30mDEBUG[0m [32mrun_until_complete[0m
[0.320s] [34mcolcon.colcon_ros.task.ament_cmake.build[0m [1;30mINFO[0m Building ROS package in '/Users/parushi/Documents/Nimbis/ros2_ws/src/my_bridge' with build type 'ament_cmake'
[0.320s] [34mcolcon.colcon_cmake.task.cmake.build[0m [1;30mINFO[0m Building CMake package in '/Users/parushi/Documents/Nimbis/ros2_ws/src/my_bridge'
[0.323s] [34mcolcon.colcon_core.plugin_system[0m [1;30mINFO[0m Skipping extension 'colcon_core.shell.bat': Not used on non-Windows systems
[0.323s] [34mcolcon.colcon_core.shell[0m [1;30mINFO[0m Skip shell extension 'powershell' for command environment: Not usable outside of PowerShell
[0.323s] [34mcolcon.colcon_core.shell[0m [1;30mDEBUG[0m [32mSkip shell extension 'dsv' for command environment[0m
[0.344s] [34mcolcon.colcon_core.event_handler.log_command[0m [1;30mDEBUG[0m [32mInvoking command in '/Users/parushi/Documents/Nimbis/ros2_ws/build/my_bridge': CONDA_PROMPT_MODIFIER=(ros2) SHLVL=2 _=/opt/homebrew/Caskroom/miniconda/base/envs/ros2/bin/env __CF_USER_TEXT_ENCODING=0x1F5:0x0:0x0 /opt/homebrew/Caskroom/miniconda/base/envs/ros2/bin/cmake --build /Users/parushi/Documents/Nimbis/ros2_ws/build/my_bridge -- -j8 -l8[0m
[0.528s] [34mcolcon.colcon_core.event_handler.log_command[0m [1;30mDEBUG[0m [32mInvoked command in '/Users/parushi/Documents/Nimbis/ros2_ws/build/my_bridge' returned '0': CONDA_PROMPT_MODIFIER=(ros2) SHLVL=2 _=/opt/homebrew/Caskroom/miniconda/base/envs/ros2/bin/env __CF_USER_TEXT_ENCODING=0x1F5:0x0:0x0 /opt/homebrew/Caskroom/miniconda/base/envs/ros2/bin/cmake --build /Users/parushi/Documents/Nimbis/ros2_ws/build/my_bridge -- -j8 -l8[0m
[0.547s] [34mcolcon.colcon_core.event_handler.log_command[0m [1;30mDEBUG[0m [32mInvoking command in '/Users/parushi/Documents/Nimbis/ros2_ws/build/my_bridge': CONDA_PROMPT_MODIFIER=(ros2) SHLVL=2 _=/opt/homebrew/Caskroom/miniconda/base/envs/ros2/bin/env __CF_USER_TEXT_ENCODING=0x1F5:0x0:0x0 /opt/homebrew/Caskroom/miniconda/base/envs/ros2/bin/cmake --install /Users/parushi/Documents/Nimbis/ros2_ws/build/my_bridge[0m
[0.563s] [34mcolcon.colcon_core.environment[0m [1;30mLevel 1[0m create_environment_scripts_only(my_bridge)
[0.564s] [34mcolcon.colcon_core.event_handler.log_command[0m [1;30mDEBUG[0m [32mInvoked command in '/Users/parushi/Documents/Nimbis/ros2_ws/build/my_bridge' returned '0': CONDA_PROMPT_MODIFIER=(ros2) SHLVL=2 _=/opt/homebrew/Caskroom/miniconda/base/envs/ros2/bin/env __CF_USER_TEXT_ENCODING=0x1F5:0x0:0x0 /opt/homebrew/Caskroom/miniconda/base/envs/ros2/bin/cmake --install /Users/parushi/Documents/Nimbis/ros2_ws/build/my_bridge[0m
[0.567s] [34mcolcon.colcon_core.environment[0m [1;30mLevel 1[0m checking '/Users/parushi/Documents/Nimbis/ros2_ws/install/my_bridge' for CMake module files
[0.567s] [34mcolcon.colcon_core.environment[0m [1;30mLevel 1[0m checking '/Users/parushi/Documents/Nimbis/ros2_ws/install/my_bridge' for CMake config files
[0.567s] [34mcolcon.colcon_core.shell[0m [1;30mLevel 1[0m create_environment_hook('my_bridge', 'cmake_prefix_path')
[0.567s] [34mcolcon.colcon_core.shell[0m [1;30mINFO[0m Creating environment hook '/Users/parushi/Documents/Nimbis/ros2_ws/install/my_bridge/share/my_bridge/hook/cmake_prefix_path.ps1'
[0.568s] [34mcolcon.colcon_core.shell[0m [1;30mINFO[0m Creating environment descriptor '/Users/parushi/Documents/Nimbis/ros2_ws/install/my_bridge/share/my_bridge/hook/cmake_prefix_path.dsv'
[0.568s] [34mcolcon.colcon_core.shell[0m [1;30mINFO[0m Creating environment hook '/Users/parushi/Documents/Nimbis/ros2_ws/install/my_bridge/share/my_bridge/hook/cmake_prefix_path.sh'
[0.569s] [34mcolcon.colcon_core.environment[0m [1;30mLevel 1[0m checking '/Users/parushi/Documents/Nimbis/ros2_ws/install/my_bridge/lib'
[0.569s] [34mcolcon.colcon_core.environment[0m [1;30mLevel 1[0m checking '/Users/parushi/Documents/Nimbis/ros2_ws/install/my_bridge/bin'
[0.569s] [34mcolcon.colcon_core.environment[0m [1;30mLevel 1[0m checking '/Users/parushi/Documents/Nimbis/ros2_ws/install/my_bridge/lib/pkgconfig/my_bridge.pc'
[0.569s] [34mcolcon.colcon_core.environment[0m [1;30mLevel 1[0m checking '/Users/parushi/Documents/Nimbis/ros2_ws/install/my_bridge/lib/python3.11/site-packages'
[0.569s] [34mcolcon.colcon_core.environment[0m [1;30mLevel 1[0m checking '/Users/parushi/Documents/Nimbis/ros2_ws/install/my_bridge/bin'
[0.569s] [34mcolcon.colcon_core.shell[0m [1;30mINFO[0m Creating package script '/Users/parushi/Documents/Nimbis/ros2_ws/install/my_bridge/share/my_bridge/package.ps1'
[0.570s] [34mcolcon.colcon_core.shell[0m [1;30mINFO[0m Creating package descriptor '/Users/parushi/Documents/Nimbis/ros2_ws/install/my_bridge/share/my_bridge/package.dsv'
[0.571s] [34mcolcon.colcon_core.shell[0m [1;30mINFO[0m Creating package script '/Users/parushi/Documents/Nimbis/ros2_ws/install/my_bridge/share/my_bridge/package.sh'
[0.572s] [34mcolcon.colcon_core.shell[0m [1;30mINFO[0m Creating package script '/Users/parushi/Documents/Nimbis/ros2_ws/install/my_bridge/share/my_bridge/package.bash'
[0.572s] [34mcolcon.colcon_core.shell[0m [1;30mINFO[0m Creating package script '/Users/parushi/Documents/Nimbis/ros2_ws/install/my_bridge/share/my_bridge/package.zsh'
[0.573s] [34mcolcon.colcon_core.environment[0m [1;30mLevel 1[0m create_file_with_runtime_dependencies(/Users/parushi/Documents/Nimbis/ros2_ws/install/my_bridge/share/colcon-core/packages/my_bridge)
[0.573s] [34mcolcon.colcon_core.environment[0m [1;30mLevel 1[0m create_environment_scripts_only(my_bridge)
[0.573s] [34mcolcon.colcon_core.environment[0m [1;30mLevel 1[0m checking '/Users/parushi/Documents/Nimbis/ros2_ws/install/my_bridge' for CMake module files
[0.574s] [34mcolcon.colcon_core.environment[0m [1;30mLevel 1[0m checking '/Users/parushi/Documents/Nimbis/ros2_ws/install/my_bridge' for CMake config files
[0.574s] [34mcolcon.colcon_core.shell[0m [1;30mLevel 1[0m create_environment_hook('my_bridge', 'cmake_prefix_path')
[0.574s] [34mcolcon.colcon_core.shell[0m [1;30mINFO[0m Creating environment hook '/Users/parushi/Documents/Nimbis/ros2_ws/install/my_bridge/share/my_bridge/hook/cmake_prefix_path.ps1'
[0.574s] [34mcolcon.colcon_core.shell[0m [1;30mINFO[0m Creating environment descriptor '/Users/parushi/Documents/Nimbis/ros2_ws/install/my_bridge/share/my_bridge/hook/cmake_prefix_path.dsv'
[0.574s] [34mcolcon.colcon_core.shell[0m [1;30mINFO[0m Creating environment hook '/Users/parushi/Documents/Nimbis/ros2_ws/install/my_bridge/share/my_bridge/hook/cmake_prefix_path.sh'
[0.575s] [34mcolcon.colcon_core.environment[0m [1;30mLevel 1[0m checking '/Users/parushi/Documents/Nimbis/ros2_ws/install/my_bridge/lib'
[0.575s] [34mcolcon.colcon_core.environment[0m [1;30mLevel 1[0m checking '/Users/parushi/Documents/Nimbis/ros2_ws/install/my_bridge/bin'
[0.575s] [34mcolcon.colcon_core.environment[0m [1;30mLevel 1[0m checking '/Users/parushi/Documents/Nimbis/ros2_ws/install/my_bridge/lib/pkgconfig/my_bridge.pc'
[0.575s] [34mcolcon.colcon_core.environment[0m [1;30mLevel 1[0m checking '/Users/parushi/Documents/Nimbis/ros2_ws/install/my_bridge/lib/python3.11/site-packages'
[0.575s] [34mcolcon.colcon_core.environment[0m [1;30mLevel 1[0m checking '/Users/parushi/Documents/Nimbis/ros2_ws/install/my_bridge/bin'
[0.575s] [34mcolcon.colcon_core.shell[0m [1;30mINFO[0m Creating package script '/Users/parushi/Documents/Nimbis/ros2_ws/install/my_bridge/share/my_bridge/package.ps1'
[0.575s] [34mcolcon.colcon_core.shell[0m [1;30mINFO[0m Creating package descriptor '/Users/parushi/Documents/Nimbis/ros2_ws/install/my_bridge/share/my_bridge/package.dsv'
[0.576s] [34mcolcon.colcon_core.shell[0m [1;30mINFO[0m Creating package script '/Users/parushi/Documents/Nimbis/ros2_ws/install/my_bridge/share/my_bridge/package.sh'
[0.576s] [34mcolcon.colcon_core.shell[0m [1;30mINFO[0m Creating package script '/Users/parushi/Documents/Nimbis/ros2_ws/install/my_bridge/share/my_bridge/package.bash'
[0.576s] [34mcolcon.colcon_core.shell[0m [1;30mINFO[0m Creating package script '/Users/parushi/Documents/Nimbis/ros2_ws/install/my_bridge/share/my_bridge/package.zsh'
[0.576s] [34mcolcon.colcon_core.environment[0m [1;30mLevel 1[0m create_file_with_runtime_dependencies(/Users/parushi/Documents/Nimbis/ros2_ws/install/my_bridge/share/colcon-core/packages/my_bridge)
[0.577s] [34mcolcon.colcon_parallel_executor.executor.parallel[0m [1;30mDEBUG[0m [32mclosing loop[0m
[0.577s] [34mcolcon.colcon_parallel_executor.executor.parallel[0m [1;30mDEBUG[0m [32mloop closed[0m
[0.577s] [34mcolcon.colcon_parallel_executor.executor.parallel[0m [1;30mDEBUG[0m [32mrun_until_complete finished with '0'[0m
[0.577s] [34mcolcon.colcon_core.event_reactor[0m [1;30mDEBUG[0m [32mjoining thread[0m
[0.577s] [34mcolcon.colcon_core.event_reactor[0m [1;30mDEBUG[0m [32mjoined thread[0m
[0.577s] [34mcolcon.colcon_core.shell[0m [1;30mINFO[0m Creating prefix script '/Users/parushi/Documents/Nimbis/ros2_ws/install/local_setup.ps1'
[0.578s] [34mcolcon.colcon_core.shell[0m [1;30mINFO[0m Creating prefix util module '/Users/parushi/Documents/Nimbis/ros2_ws/install/_local_setup_util_ps1.py'
[0.579s] [34mcolcon.colcon_core.shell[0m [1;30mINFO[0m Creating prefix chain script '/Users/parushi/Documents/Nimbis/ros2_ws/install/setup.ps1'
[0.580s] [34mcolcon.colcon_core.shell[0m [1;30mINFO[0m Creating prefix script '/Users/parushi/Documents/Nimbis/ros2_ws/install/local_setup.sh'
[0.581s] [34mcolcon.colcon_core.shell[0m [1;30mINFO[0m Creating prefix util module '/Users/parushi/Documents/Nimbis/ros2_ws/install/_local_setup_util_sh.py'
[0.581s] [34mcolcon.colcon_core.shell[0m [1;30mINFO[0m Creating prefix chain script '/Users/parushi/Documents/Nimbis/ros2_ws/install/setup.sh'
[0.582s] [34mcolcon.colcon_core.shell[0m [1;30mINFO[0m Creating prefix script '/Users/parushi/Documents/Nimbis/ros2_ws/install/local_setup.bash'
[0.582s] [34mcolcon.colcon_core.shell[0m [1;30mINFO[0m Creating prefix chain script '/Users/parushi/Documents/Nimbis/ros2_ws/install/setup.bash'
[0.583s] [34mcolcon.colcon_core.shell[0m [1;30mINFO[0m Creating prefix script '/Users/parushi/Documents/Nimbis/ros2_ws/install/local_setup.zsh'
[0.583s] [34mcolcon.colcon_core.shell[0m [1;30mINFO[0m Creating prefix chain script '/Users/parushi/Documents/Nimbis/ros2_ws/install/setup.zsh'
