-- Install configuration: ""
-- Up-to-date: /Users/parushi/Documents/Nimbis/ros2_ws/install/my_bridge/share/my_bridge/launch
-- Up-to-date: /Users/parushi/Documents/Nimbis/ros2_ws/install/my_bridge/share/my_bridge/launch/bridge.launch.py
-- Up-to-date: /Users/parushi/Documents/Nimbis/ros2_ws/install/my_bridge/share/my_bridge/config
-- Installing: /Users/parushi/Documents/Nimbis/ros2_ws/install/my_bridge/share/my_bridge/config/bridge.yaml
-- Up-to-date: /Users/parushi/Documents/Nimbis/ros2_ws/install/my_bridge/share/ament_index/resource_index/package_run_dependencies/my_bridge
-- Up-to-date: /Users/parushi/Documents/Nimbis/ros2_ws/install/my_bridge/share/ament_index/resource_index/parent_prefix_path/my_bridge
-- Up-to-date: /Users/parushi/Documents/Nimbis/ros2_ws/install/my_bridge/share/my_bridge/environment/ament_prefix_path.sh
-- Up-to-date: /Users/parushi/Documents/Nimbis/ros2_ws/install/my_bridge/share/my_bridge/environment/ament_prefix_path.dsv
-- Up-to-date: /Users/parushi/Documents/Nimbis/ros2_ws/install/my_bridge/share/my_bridge/environment/path.sh
-- Up-to-date: /Users/parushi/Documents/Nimbis/ros2_ws/install/my_bridge/share/my_bridge/environment/path.dsv
-- Up-to-date: /Users/parushi/Documents/Nimbis/ros2_ws/install/my_bridge/share/my_bridge/local_setup.bash
-- Up-to-date: /Users/parushi/Documents/Nimbis/ros2_ws/install/my_bridge/share/my_bridge/local_setup.sh
-- Up-to-date: /Users/parushi/Documents/Nimbis/ros2_ws/install/my_bridge/share/my_bridge/local_setup.zsh
-- Up-to-date: /Users/parushi/Documents/Nimbis/ros2_ws/install/my_bridge/share/my_bridge/local_setup.dsv
-- Up-to-date: /Users/parushi/Documents/Nimbis/ros2_ws/install/my_bridge/share/my_bridge/package.dsv
-- Up-to-date: /Users/parushi/Documents/Nimbis/ros2_ws/install/my_bridge/share/ament_index/resource_index/packages/my_bridge
-- Up-to-date: /Users/parushi/Documents/Nimbis/ros2_ws/install/my_bridge/share/my_bridge/cmake/my_bridgeConfig.cmake
-- Up-to-date: /Users/parushi/Documents/Nimbis/ros2_ws/install/my_bridge/share/my_bridge/cmake/my_bridgeConfig-version.cmake
-- Up-to-date: /Users/parushi/Documents/Nimbis/ros2_ws/install/my_bridge/share/my_bridge/package.xml
