[0.152s] Invoking command in '/Users/parushi/Documents/Nimbis/ros2_ws/build/my_bridge': CONDA_PROMPT_MODIFIER=(ros2) SHLVL=2 _=/opt/homebrew/Caskroom/miniconda/base/envs/ros2/bin/env __CF_USER_TEXT_ENCODING=0x1F5:0x0:0x0 /opt/homebrew/Caskroom/miniconda/base/envs/ros2/bin/cmake /Users/parushi/Documents/Nimbis/ros2_ws/src/my_bridge -DCMAKE_INSTALL_PREFIX=/Users/parushi/Documents/Nimbis/ros2_ws/install/my_bridge
[0.678s] CMake Deprecation Warning at CMakeLists.txt:1 (cmake_minimum_required):
[0.678s]   Compatibility with CMake < 3.10 will be removed from a future version of
[0.678s]   CMake.
[0.678s] 
[0.678s]   Update the VERSION argument <min> value.  Or, use the <min>...<max> syntax
[0.678s]   to tell CMake that the project requires at least <min> but has been updated
[0.678s]   to work with policies introduced by <max> or earlier.
[0.678s] 
[0.678s] 
[3.246s] -- The C compiler identification is Clang 19.1.7
[3.460s] -- The CXX compiler identification is Clang 19.1.7
[3.495s] -- Detecting C compiler ABI info
[3.743s] -- Detecting C compiler ABI info - done
[3.748s] -- Check for working C compiler: /opt/homebrew/Caskroom/miniconda/base/envs/ros2/bin/arm64-apple-darwin20.0.0-clang - skipped
[3.749s] -- Detecting C compile features
[3.749s] -- Detecting C compile features - done
[3.756s] -- Detecting CXX compiler ABI info
[3.946s] -- Detecting CXX compiler ABI info - done
[3.952s] -- Check for working CXX compiler: /opt/homebrew/Caskroom/miniconda/base/envs/ros2/bin/arm64-apple-darwin20.0.0-clang++ - skipped
[3.952s] -- Detecting CXX compile features
[3.952s] -- Detecting CXX compile features - done
[3.980s] -- Found ament_cmake: 1.3.12 (/opt/homebrew/Caskroom/miniconda/base/envs/ros2/share/ament_cmake/cmake)
[4.096s] -- Found Python3: /opt/homebrew/Caskroom/miniconda/base/envs/ros2/bin/python3 (found version "3.11.13") found components: Interpreter
[4.371s] -- Configuring done (3.7s)
[4.383s] -- Generating done (0.0s)
[4.386s] -- Build files have been written to: /Users/parushi/Documents/Nimbis/ros2_ws/build/my_bridge
[4.388s] Invoked command in '/Users/parushi/Documents/Nimbis/ros2_ws/build/my_bridge' returned '0': CONDA_PROMPT_MODIFIER=(ros2) SHLVL=2 _=/opt/homebrew/Caskroom/miniconda/base/envs/ros2/bin/env __CF_USER_TEXT_ENCODING=0x1F5:0x0:0x0 /opt/homebrew/Caskroom/miniconda/base/envs/ros2/bin/cmake /Users/parushi/Documents/Nimbis/ros2_ws/src/my_bridge -DCMAKE_INSTALL_PREFIX=/Users/parushi/Documents/Nimbis/ros2_ws/install/my_bridge
[4.390s] Invoking command in '/Users/parushi/Documents/Nimbis/ros2_ws/build/my_bridge': CONDA_PROMPT_MODIFIER=(ros2) SHLVL=2 _=/opt/homebrew/Caskroom/miniconda/base/envs/ros2/bin/env __CF_USER_TEXT_ENCODING=0x1F5:0x0:0x0 /opt/homebrew/Caskroom/miniconda/base/envs/ros2/bin/cmake --build /Users/parushi/Documents/Nimbis/ros2_ws/build/my_bridge -- -j8 -l8
[4.447s] Invoked command in '/Users/parushi/Documents/Nimbis/ros2_ws/build/my_bridge' returned '0': CONDA_PROMPT_MODIFIER=(ros2) SHLVL=2 _=/opt/homebrew/Caskroom/miniconda/base/envs/ros2/bin/env __CF_USER_TEXT_ENCODING=0x1F5:0x0:0x0 /opt/homebrew/Caskroom/miniconda/base/envs/ros2/bin/cmake --build /Users/parushi/Documents/Nimbis/ros2_ws/build/my_bridge -- -j8 -l8
[4.510s] Invoking command in '/Users/parushi/Documents/Nimbis/ros2_ws/build/my_bridge': CONDA_PROMPT_MODIFIER=(ros2) SHLVL=2 _=/opt/homebrew/Caskroom/miniconda/base/envs/ros2/bin/env __CF_USER_TEXT_ENCODING=0x1F5:0x0:0x0 /opt/homebrew/Caskroom/miniconda/base/envs/ros2/bin/cmake --install /Users/parushi/Documents/Nimbis/ros2_ws/build/my_bridge
[4.523s] -- Install configuration: ""
[4.523s] -- Installing: /Users/parushi/Documents/Nimbis/ros2_ws/install/my_bridge/share/my_bridge/launch
[4.523s] -- Installing: /Users/parushi/Documents/Nimbis/ros2_ws/install/my_bridge/share/my_bridge/launch/bridge.launch.py
[4.523s] -- Installing: /Users/parushi/Documents/Nimbis/ros2_ws/install/my_bridge/share/my_bridge/config
[4.524s] -- Installing: /Users/parushi/Documents/Nimbis/ros2_ws/install/my_bridge/share/my_bridge/config/bridge.yaml
[4.524s] -- Installing: /Users/parushi/Documents/Nimbis/ros2_ws/install/my_bridge/share/ament_index/resource_index/package_run_dependencies/my_bridge
[4.524s] -- Installing: /Users/parushi/Documents/Nimbis/ros2_ws/install/my_bridge/share/ament_index/resource_index/parent_prefix_path/my_bridge
[4.525s] -- Installing: /Users/parushi/Documents/Nimbis/ros2_ws/install/my_bridge/share/my_bridge/environment/ament_prefix_path.sh
[4.525s] -- Installing: /Users/parushi/Documents/Nimbis/ros2_ws/install/my_bridge/share/my_bridge/environment/ament_prefix_path.dsv
[4.525s] -- Installing: /Users/parushi/Documents/Nimbis/ros2_ws/install/my_bridge/share/my_bridge/environment/path.sh
[4.525s] -- Installing: /Users/parushi/Documents/Nimbis/ros2_ws/install/my_bridge/share/my_bridge/environment/path.dsv
[4.526s] -- Installing: /Users/parushi/Documents/Nimbis/ros2_ws/install/my_bridge/share/my_bridge/local_setup.bash
[4.526s] -- Installing: /Users/parushi/Documents/Nimbis/ros2_ws/install/my_bridge/share/my_bridge/local_setup.sh
[4.526s] -- Installing: /Users/parushi/Documents/Nimbis/ros2_ws/install/my_bridge/share/my_bridge/local_setup.zsh
[4.526s] -- Installing: /Users/parushi/Documents/Nimbis/ros2_ws/install/my_bridge/share/my_bridge/local_setup.dsv
[4.527s] -- Installing: /Users/parushi/Documents/Nimbis/ros2_ws/install/my_bridge/share/my_bridge/package.dsv
[4.527s] -- Installing: /Users/parushi/Documents/Nimbis/ros2_ws/install/my_bridge/share/ament_index/resource_index/packages/my_bridge
[4.527s] -- Installing: /Users/parushi/Documents/Nimbis/ros2_ws/install/my_bridge/share/my_bridge/cmake/my_bridgeConfig.cmake
[4.527s] -- Installing: /Users/parushi/Documents/Nimbis/ros2_ws/install/my_bridge/share/my_bridge/cmake/my_bridgeConfig-version.cmake
[4.528s] -- Installing: /Users/parushi/Documents/Nimbis/ros2_ws/install/my_bridge/share/my_bridge/package.xml
[4.529s] Invoked command in '/Users/parushi/Documents/Nimbis/ros2_ws/build/my_bridge' returned '0': CONDA_PROMPT_MODIFIER=(ros2) SHLVL=2 _=/opt/homebrew/Caskroom/miniconda/base/envs/ros2/bin/env __CF_USER_TEXT_ENCODING=0x1F5:0x0:0x0 /opt/homebrew/Caskroom/miniconda/base/envs/ros2/bin/cmake --install /Users/parushi/Documents/Nimbis/ros2_ws/build/my_bridge
